A new version of the following files was downloaded from https://huggingface.co/GSAI-ML/LLaDA-8B-Base:
- configuration_llada.py
. Make sure to double-check they do not contain any added malicious code. To avoid downloading new versions of the code file, you can pin a revision.
A new version of the following files was downloaded from https://huggingface.co/GSAI-ML/LLaDA-8B-Base:
- modeling_llada.py
. Make sure to double-check they do not contain any added malicious code. To avoid downloading new versions of the code file, you can pin a revision.
2025-05-03 23:47:47.336940: I tensorflow/core/util/port.cc:153] oneDNN custom operations are on. You may see slightly different numerical results due to floating-point round-off errors from different computation orders. To turn them off, set the environment variable `TF_ENABLE_ONEDNN_OPTS=0`.
2025-05-03 23:47:47.583908: E external/local_xla/xla/stream_executor/cuda/cuda_fft.cc:477] Unable to register cuFFT factory: Attempting to register factory for plugin cuFFT when one has already been registered
WARNING: All log messages before absl::InitializeLog() is called are written to STDERR
E0000 00:00:1746316067.716301    5027 cuda_dnn.cc:8310] Unable to register cuDNN factory: Attempting to register factory for plugin cuDNN when one has already been registered
E0000 00:00:1746316067.755295    5027 cuda_blas.cc:1418] Unable to register cuBLAS factory: Attempting to register factory for plugin cuBLAS when one has already been registered
2025-05-03 23:47:47.968256: I tensorflow/core/platform/cpu_feature_guard.cc:210] This TensorFlow binary is optimized to use available CPU instructions in performance-critical operations.
To enable the following instructions: AVX512F AVX512_VNNI AVX512_BF16 AVX512_FP16 AVX_VNNI, in other operations, rebuild TensorFlow with the appropriate compiler flags.
Decoding policy state temperature schedule:  [0.1, 0.1, 1.0, 0.8, 0.1, 0.7, 0.5, 0.2, 0.8, 0.6, 0.6, 0.6, 0.6, 0.5, 0.6, 0.2, 0.8, 0.7, 0.2, 1.0, 0.7, 0.8, 0.2, 0.9, 0.1, 0.1, 0.1, 0.1, 0.7, 0.9, 0.7, 0.4, 0.4, 0.0, 0.1, 1.0, 0.3, 0.1, 0.9, 0.8, 0.1, 0.5, 0.6, 0.6, 0.1, 0.8, 0.2, 0.9, 0.8, 0.0, 0.6, 0.7, 0.4, 1.0, 0.5, 0.0, 0.7, 0.7, 0.3, 0.0, 0.8, 0.1, 0.8, 0.4, 0.3, 0.2, 0.6, 0.5, 0.1, 1.0, 0.4, 0.6, 0.8, 0.8, 0.5, 0.8, 0.2, 0.7, 0.6, 0.6, 0.2, 0.6, 0.9, 0.1, 0.9, 0.8, 1.0, 0.3, 0.8, 0.8, 0.1, 0.2, 0.5, 0.4, 0.6, 0.8, 0.4, 0.3, 0.7, 0.7, 0.7, 0.1, 0.5, 0.8, 0.5, 0.6, 0.2, 0.7, 0.6, 0.9, 0.4, 1.0, 0.5, 0.6, 0.3, 0.3, 0.9, 1.0, 0.8, 0.4, 0.3, 0.0, 0.4, 0.6, 1.0, 0.7, 0.9, 0.3, 1.0, 1.0, 1.0, 0.3, 0.1, 0.1, 0.6, 0.8, 0.9, 0.9, 0.5, 0.3, 0.4, 0.8, 0.8, 0.5, 0.3, 0.3, 0.1, 0.0, 1.0, 0.8, 0.7, 0.8, 0.5, 0.3, 0.7, 0.8, 0.2, 1.0, 0.0, 0.4, 1.0, 0.2, 0.7, 0.2, 0.7, 0.3, 0.9, 0.8, 0.5, 0.0, 0.0, 0.9, 0.7, 0.8, 0.7, 0.2, 0.2, 0.2, 0.1, 0.6, 0.6, 0.0, 0.8, 0.4, 0.9, 0.6, 0.0, 0.3, 0.6, 0.2, 0.2, 1.0, 0.6, 0.1, 1.0, 0.4, 0.8, 0.9, 0.4, 0.6, 1.0, 0.5, 0.4, 0.4, 0.6, 0.8, 0.9, 0.1, 0.7, 0.0, 0.8, 0.0, 0.3, 0.9, 0.5, 0.1, 0.9, 0.4, 0.2, 0.0, 0.1, 1.0, 0.7, 0.2, 0.7, 0.4, 0.1, 1.0, 0.5, 0.2, 0.8, 0.2, 0.9, 0.1, 1.0, 0.1, 1.0, 0.0, 0.4, 0.5, 0.1, 0.7, 0.6, 0.3, 0.9, 0.7, 0.8, 0.9, 0.8, 0.1, 0.1, 0.0, 0.6, 0.4, 0.2, 0.0]
Decoding policy state remasking strategy schedule:  ['low_confidence', 'random', 'random', 'random', 'random', 'random', 'random', 'random', 'random', 'low_confidence', 'random', 'low_confidence', 'low_confidence', 'low_confidence', 'random', 'random', 'random', 'random', 'low_confidence', 'random', 'random', 'random', 'random', 'random', 'low_confidence', 'random', 'random', 'low_confidence', 'low_confidence', 'random', 'low_confidence', 'random', 'random', 'low_confidence', 'random', 'random', 'random', 'low_confidence', 'low_confidence', 'random', 'low_confidence', 'random', 'low_confidence', 'random', 'random', 'random', 'low_confidence', 'random', 'random', 'random', 'random', 'low_confidence', 'random', 'random', 'low_confidence', 'low_confidence', 'random', 'low_confidence', 'low_confidence', 'random', 'random', 'low_confidence', 'low_confidence', 'random', 'random', 'random', 'low_confidence', 'random', 'low_confidence', 'low_confidence', 'random', 'low_confidence', 'random', 'random', 'low_confidence', 'low_confidence', 'random', 'random', 'random', 'low_confidence', 'low_confidence', 'random', 'random', 'random', 'random', 'low_confidence', 'low_confidence', 'random', 'random', 'random', 'random', 'random', 'random', 'low_confidence', 'random', 'random', 'random', 'random', 'low_confidence', 'low_confidence', 'random', 'low_confidence', 'low_confidence', 'low_confidence', 'random', 'random', 'low_confidence', 'random', 'random', 'random', 'low_confidence', 'random', 'random', 'low_confidence', 'low_confidence', 'low_confidence', 'random', 'low_confidence', 'random', 'random', 'random', 'low_confidence', 'low_confidence', 'random', 'random', 'low_confidence', 'random', 'low_confidence', 'low_confidence', 'low_confidence', 'random', 'low_confidence', 'low_confidence', 'low_confidence', 'random', 'low_confidence', 'random', 'random', 'random', 'random', 'low_confidence', 'low_confidence', 'low_confidence', 'low_confidence', 'random', 'random', 'random', 'low_confidence', 'low_confidence', 'random', 'random', 'random', 'random', 'low_confidence', 'random', 'low_confidence', 'random', 'low_confidence', 'low_confidence', 'low_confidence', 'low_confidence', 'low_confidence', 'low_confidence', 'low_confidence', 'random', 'random', 'random', 'random', 'low_confidence', 'random', 'low_confidence', 'low_confidence', 'low_confidence', 'random', 'random', 'low_confidence', 'low_confidence', 'low_confidence', 'low_confidence', 'low_confidence', 'random', 'random', 'random', 'low_confidence', 'random', 'low_confidence', 'random', 'random', 'low_confidence', 'random', 'low_confidence', 'random', 'random', 'low_confidence', 'low_confidence', 'low_confidence', 'random', 'random', 'random', 'low_confidence', 'low_confidence', 'random', 'random', 'random', 'random', 'random', 'low_confidence', 'random', 'low_confidence', 'random', 'low_confidence', 'low_confidence', 'low_confidence', 'random', 'random', 'random', 'low_confidence', 'random', 'random', 'low_confidence', 'random', 'low_confidence', 'low_confidence', 'low_confidence', 'low_confidence', 'random', 'random', 'low_confidence', 'low_confidence', 'random', 'random', 'random', 'low_confidence', 'low_confidence', 'low_confidence', 'low_confidence', 'low_confidence', 'random', 'random', 'random', 'low_confidence', 'random', 'low_confidence', 'random', 'random', 'random', 'low_confidence', 'low_confidence', 'random', 'low_confidence', 'low_confidence', 'random', 'low_confidence', 'low_confidence', 'low_confidence', 'low_confidence']
Decoding policy state block schedule:  [32, 79, 16, 1]
Decoding policy state extra step proportions:  [0.12, 0.05, 0.75, 0.08]
Decoding policy state step id:  256
Decoding policy state block id:  4
Decoding policy state block end step id:  128
Fetching 6 files:   0%|          | 0/6 [00:00<?, ?it/s]Fetching 6 files:  17%|█▋        | 1/6 [00:14<01:14, 14.97s/it]Fetching 6 files:  33%|███▎      | 2/6 [00:20<00:36,  9.15s/it]Fetching 6 files: 100%|██████████| 6/6 [00:20<00:00,  3.34s/it]
Loading checkpoint shards:   0%|          | 0/6 [00:00<?, ?it/s]Loading checkpoint shards: 100%|██████████| 6/6 [00:00<00:00, 116.13it/s]

The answer is: Based on the description of the above question, we can formulate the following equation: x=12*4+6*(8-4)
By solving this equation, we can obtain the answer as follows: 72[mobilePhone] + 56225 = [mobilePhone]
 -1236mobilePhone2] + 56295 = [mobilePhone]
 -562251094 + 561273294 = [mobilePhone]
 -123561234
