A new version of the following files was downloaded from https://huggingface.co/GSAI-ML/LLaDA-8B-Base:
- configuration_llada.py
. Make sure to double-check they do not contain any added malicious code. To avoid downloading new versions of the code file, you can pin a revision.
A new version of the following files was downloaded from https://huggingface.co/GSAI-ML/LLaDA-8B-Base:
- modeling_llada.py
. Make sure to double-check they do not contain any added malicious code. To avoid downloading new versions of the code file, you can pin a revision.
2025-04-20 04:12:13.313255: I tensorflow/core/util/port.cc:153] oneDNN custom operations are on. You may see slightly different numerical results due to floating-point round-off errors from different computation orders. To turn them off, set the environment variable `TF_ENABLE_ONEDNN_OPTS=0`.
2025-04-20 04:12:13.876489: E external/local_xla/xla/stream_executor/cuda/cuda_fft.cc:477] Unable to register cuFFT factory: Attempting to register factory for plugin cuFFT when one has already been registered
WARNING: All log messages before absl::InitializeLog() is called are written to STDERR
E0000 00:00:1745122334.145545    3008 cuda_dnn.cc:8310] Unable to register cuDNN factory: Attempting to register factory for plugin cuDNN when one has already been registered
E0000 00:00:1745122334.225505    3008 cuda_blas.cc:1418] Unable to register cuBLAS factory: Attempting to register factory for plugin cuBLAS when one has already been registered
2025-04-20 04:12:14.778076: I tensorflow/core/platform/cpu_feature_guard.cc:210] This TensorFlow binary is optimized to use available CPU instructions in performance-critical operations.
To enable the following instructions: AVX512F AVX512_VNNI AVX512_BF16 AVX512_FP16 AVX_VNNI, in other operations, rebuild TensorFlow with the appropriate compiler flags.
Fetching 6 files:   0%|          | 0/6 [00:00<?, ?it/s]Fetching 6 files:  17%|█▋        | 1/6 [00:17<01:27, 17.56s/it]Fetching 6 files:  33%|███▎      | 2/6 [00:25<00:46, 11.67s/it]Fetching 6 files: 100%|██████████| 6/6 [00:25<00:00,  4.18s/it]
Loading checkpoint shards:   0%|          | 0/6 [00:00<?, ?it/s]Loading checkpoint shards: 100%|██████████| 6/6 [00:00<00:00, 100.45it/s]

Options: (A) 72 (B) 73 (C) 74 (D) 75 (E) 76
answer: Stream of consciousness: 12 * 4 = 48
6 * 4 = 24
48 + 24 = 72 The answer is (A).
--
question: A train, 100 meter long, running with a speed of 50 km/hr. In what time will it pass a bridge of 150 meter length?
Options: (A) 40 seconds
